<?xml version="1.0" encoding="UTF-8"?>
<!-- Generated by org.testng.reporters.JUnitReportReporter -->
<testsuite hostname="RIX3285.local" failures="0" tests="1" name="ImdbSearchTest" time="9.538" errors="0" timestamp="2025-09-04T19:46:43 EEST" skipped="0">
  <testcase classname="ImdbSearchTest" name="testImdbSearch" time="9.538"/>
</testsuite> <!-- ImdbSearchTest -->
